<?xml version="1.0" encoding="UTF-8"?>
<testsuite name="com.automationanywhere.botcommand.ConvertExcelTest" tests="1" skipped="0" failures="0" errors="0" timestamp="2025-03-28T19:51:51" hostname="WAZANY" time="1.09">
  <properties/>
  <testcase name="testXLSXtoCSVConversion()" classname="com.automationanywhere.botcommand.ConvertExcelTest" time="1.09"/>
  <system-out><![CDATA[WARNING: sun.reflect.Reflection.getCallerClass is not supported. This will impact performance.
]]></system-out>
  <system-err><![CDATA[]]></system-err>
</testsuite>
